[LOG] System::create                           : Header version = 2.00.05. Current version = 2.00.05.
[LOG] Manager::init                            : maxchannels = 256 studioflags = 00000006 flags 00000000 extradriverdata 0000000000000000.
[LOG] SystemI::init                            : Initialize version=20005 (105402), maxchannels=256, flags=0x00020000
[LOG] SystemI::setOutputInternal               : Setting output to 'FMOD WASAPI Output'
[LOG] OutputWASAPI::init                       : Mix Format (WAVEFORMATEX): wFormatTag=0xFFFE, nChannels=2, nSamplesPerSec=48000, nAvgBytesPerSec=384000, nBlockAlign=8, wBitsPerSample=32, cbSize=22.
[LOG] OutputWASAPI::init                       : Mix Format (WAVEFORMATEXTENSIBLE): wValidBitsPerSample=32, dwChannelMask=0x00000003, SubFormat=00000003-0000-0010-8000-00AA00389B71.
[LOG] OutputWASAPI::init                       : Output buffer size: 4096 samples, latency: 0.00ms, period: 10.00ms, DSP buffer: 1024 * 4
[LOG] Thread::initThread                       : Init FMOD stream thread. Priority: 2, Stack Size: 98304, Semaphore: No, Sleep Time: 10, Looping: Yes.
[LOG] Thread::initThread                       : Init FMOD mixer thread. Priority: 3, Stack Size: 81920, Semaphore: No, Sleep Time: 0, Looping: Yes.
[LOG] AsyncManager::init                       : manager 000002999712E808 isAsync 0 updatePeriod 0.02
[LOG] AsyncManager::init                       : done
[LOG] PlaybackSystem::init                     : 
[LOG] Thread::initThread                       : Init FMOD Studio sample load thread. Priority: 0, Stack Size: 98304, Semaphore: No, Sleep Time: 1, Looping: No.
[LOG] PlaybackSystem::init                     : done
[LOG] Thread::initThread                       : Init FMOD Studio bank load thread. Priority: 0, Stack Size: 98304, Semaphore: No, Sleep Time: 1, Looping: No.
[LOG] Manager::init                            : done.
[LOG] SystemI::createSoundInternal             : Create name='', mode=0x02000202
[LOG] SystemI::createSoundInternal             : exinfo->cbsize             = 224
[LOG] SystemI::createSoundInternal             : exinfo->length             = 677536
[LOG] SystemI::createSoundInternal             : exinfo->fileoffset         = 17408
[LOG] SystemI::createSoundInternal             : exinfo->numsubsounds       = 1
[LOG] SystemI::createSoundInternal             : exinfo->inclusionlist      = 000000D2FADFF27C
[LOG] SystemI::createSoundInternal             : exinfo->inclusionlistnum   = 1
[LOG] SystemI::createSoundInternal             : exinfo->suggestedsoundtype = 5
[LOG] SystemI::createSoundInternal             : exinfo->useropen           = 00007FFD05827F20
[LOG] SystemI::createSoundInternal             : exinfo->userclose          = 00007FFD05827EF0
[LOG] SystemI::createSoundInternal             : exinfo->userread           = 00007FFD05827FF0
[LOG] SystemI::createSoundInternal             : exinfo->userseek           = 00007FFD058280B0
[LOG] SystemI::createSoundInternal             : exinfo->fileuserdata       = 000002999F911E38
[LOG] SystemI::createSoundInternal             : exinfo->initialseekpostype = 1
[LOG] SystemI::DSPCodecPoolRegister            : register codec pool for pool type 5
[LOG] SystemI::createSoundInternal             : Sample 0/1: name='210901__originalmaja__three-cannon-shots', format=2, channels=2, frequency=48000, lengthbytes=89280, lengthpcm=390528, pcmblocksize=0, loopstart=0, loopend=0, mode=0x00000000, channelmask=0x00000000, channelorder=0, peakvolume=0.985565.
[LOG] SystemI::createSoundInternal             : Create name='', mode=0x02000202
[LOG] SystemI::createSoundInternal             : exinfo->cbsize             = 224
[LOG] SystemI::createSoundInternal             : exinfo->length             = 677536
[LOG] SystemI::createSoundInternal             : exinfo->fileoffset         = 17408
[LOG] SystemI::createSoundInternal             : exinfo->numsubsounds       = 1
[LOG] SystemI::createSoundInternal             : exinfo->inclusionlist      = 000000D2FADFF27C
[LOG] SystemI::createSoundInternal             : exinfo->inclusionlistnum   = 1
[LOG] SystemI::createSoundInternal             : exinfo->suggestedsoundtype = 5
[LOG] SystemI::createSoundInternal             : exinfo->useropen           = 00007FFD05827F20
[LOG] SystemI::createSoundInternal             : exinfo->userclose          = 00007FFD05827EF0
[LOG] SystemI::createSoundInternal             : exinfo->userread           = 00007FFD05827FF0
[LOG] SystemI::createSoundInternal             : exinfo->userseek           = 00007FFD058280B0
[LOG] SystemI::createSoundInternal             : exinfo->fileuserdata       = 00000299FDB87998
[LOG] SystemI::createSoundInternal             : exinfo->initialseekpostype = 1
[LOG] SystemI::DSPCodecPoolRegister            : register codec pool for pool type 5
[LOG] SystemI::createSoundInternal             : Sample 0/1: name='448002__kneeling__cannon', format=2, channels=2, frequency=48000, lengthbytes=64512, lengthpcm=259552, pcmblocksize=0, loopstart=0, loopend=0, mode=0x00000000, channelmask=0x00000000, channelorder=0, peakvolume=0.999969.
[LOG] SystemI::createSoundInternal             : Create name='', mode=0x02000202
[LOG] SystemI::createSoundInternal             : exinfo->cbsize             = 224
[LOG] SystemI::createSoundInternal             : exinfo->length             = 677536
[LOG] SystemI::createSoundInternal             : exinfo->fileoffset         = 17408
[LOG] SystemI::createSoundInternal             : exinfo->numsubsounds       = 1
[LOG] SystemI::createSoundInternal             : exinfo->inclusionlist      = 000000D2FADFF27C
[LOG] SystemI::createSoundInternal             : exinfo->inclusionlistnum   = 1
[LOG] SystemI::createSoundInternal             : exinfo->suggestedsoundtype = 5
[LOG] SystemI::createSoundInternal             : exinfo->useropen           = 00007FFD05827F20
[LOG] SystemI::createSoundInternal             : exinfo->userclose          = 00007FFD05827EF0
[LOG] SystemI::createSoundInternal             : exinfo->userread           = 00007FFD05827FF0
[LOG] SystemI::createSoundInternal             : exinfo->userseek           = 00007FFD058280B0
[LOG] SystemI::createSoundInternal             : exinfo->fileuserdata       = 00000299FDB86918
[LOG] SystemI::createSoundInternal             : exinfo->initialseekpostype = 1
[LOG] SystemI::DSPCodecPoolRegister            : register codec pool for pool type 5
[LOG] SystemI::createSoundInternal             : Sample 0/1: name='389634__stubb__wing-flap-1', format=2, channels=2, frequency=48000, lengthbytes=9376, lengthpcm=44800, pcmblocksize=0, loopstart=0, loopend=0, mode=0x00000000, channelmask=0x00000000, channelorder=0, peakvolume=0.183548.
[LOG] SystemI::createSoundInternal             : Create name='', mode=0x02000202
[LOG] SystemI::createSoundInternal             : exinfo->cbsize             = 224
[LOG] SystemI::createSoundInternal             : exinfo->length             = 677536
[LOG] SystemI::createSoundInternal             : exinfo->fileoffset         = 17408
[LOG] SystemI::createSoundInternal             : exinfo->numsubsounds       = 1
[LOG] SystemI::createSoundInternal             : exinfo->inclusionlist      = 000000D2FADFF27C
[LOG] SystemI::createSoundInternal             : exinfo->inclusionlistnum   = 1
[LOG] SystemI::createSoundInternal             : exinfo->suggestedsoundtype = 5
[LOG] SystemI::createSoundInternal             : exinfo->useropen           = 00007FFD05827F20
[LOG] SystemI::createSoundInternal             : exinfo->userclose          = 00007FFD05827EF0
[LOG] SystemI::createSoundInternal             : exinfo->userread           = 00007FFD05827FF0
[LOG] SystemI::createSoundInternal             : exinfo->userseek           = 00007FFD058280B0
[LOG] SystemI::createSoundInternal             : exinfo->fileuserdata       = 00000299FDB85AA8
[LOG] SystemI::createSoundInternal             : exinfo->initialseekpostype = 1
[LOG] SystemI::DSPCodecPoolRegister            : register codec pool for pool type 5
[LOG] SystemI::createSoundInternal             : Sample 0/1: name='427563__tbone1999__doorhit', format=2, channels=1, frequency=48000, lengthbytes=5760, lengthpcm=31207, pcmblocksize=0, loopstart=0, loopend=0, mode=0x00000000, channelmask=0x00000000, channelorder=0, peakvolume=0.959473.
[LOG] SystemI::createSoundInternal             : Create name='', mode=0x02000202
[LOG] SystemI::createSoundInternal             : exinfo->cbsize             = 224
[LOG] SystemI::createSoundInternal             : exinfo->length             = 677536
[LOG] SystemI::createSoundInternal             : exinfo->fileoffset         = 17408
[LOG] SystemI::createSoundInternal             : exinfo->numsubsounds       = 1
[LOG] SystemI::createSoundInternal             : exinfo->inclusionlist      = 000000D2FADFF27C
[LOG] SystemI::createSoundInternal             : exinfo->inclusionlistnum   = 1
[LOG] SystemI::createSoundInternal             : exinfo->suggestedsoundtype = 5
[LOG] SystemI::createSoundInternal             : exinfo->useropen           = 00007FFD05827F20
[LOG] SystemI::createSoundInternal             : exinfo->userclose          = 00007FFD05827EF0
[LOG] SystemI::createSoundInternal             : exinfo->userread           = 00007FFD05827FF0
[LOG] SystemI::createSoundInternal             : exinfo->userseek           = 00007FFD058280B0
[LOG] SystemI::createSoundInternal             : exinfo->fileuserdata       = 000002999F92F508
[LOG] SystemI::createSoundInternal             : exinfo->initialseekpostype = 1
[LOG] SystemI::DSPCodecPoolRegister            : register codec pool for pool type 5
[LOG] SystemI::createSoundInternal             : Sample 0/1: name='65817__robinhood76__00765-explode-8-grenade-blow', format=2, channels=2, frequency=48000, lengthbytes=27392, lengthpcm=102545, pcmblocksize=0, loopstart=0, loopend=0, mode=0x00000000, channelmask=0x00000000, channelorder=0, peakvolume=0.988556.
[LOG] SoundI::release                          :  (000002998D7EA0D8)
[LOG] SoundI::release                          :     188815__porphyr__battle-horn (00000299FD869DA8)
[LOG] SoundI::release                          :  (000002999734C048)
[LOG] SoundI::release                          :     210901__originalmaja__three-cannon-shots (00000299FD8693E8)
[LOG] SoundI::release                          :  (00000299950793A8)
[LOG] SoundI::release                          :     389634__stubb__wing-flap-1 (00000299FD86AC48)
[LOG] SoundI::release                          :  (000002999719D8C8)
[LOG] SoundI::release                          :     448002__kneeling__cannon (00000299FD86AAA8)
[LOG] SoundI::release                          :  (00000299F0107C18)
[LOG] SoundI::release                          :     427563__tbone1999__doorhit (00000299FD86AF88)
[LOG] SoundI::release                          :  (000002999F54F598)
[LOG] SoundI::release                          :     65817__robinhood76__00765-explode-8-grenade-blow (00000299FF945268)
[LOG] Thread::callback                         : FMOD Studio update thread finished.
[LOG] Thread::callback                         : FMOD Studio bank load thread finished.
[LOG] Profile::disconnectAll                   : Profiler disconnecting all clients
[LOG] Thread::callback                         : FMOD Studio sample load thread finished.
[LOG] LiveUpdate::release                      : 
[LOG] LiveUpdate::reset                        : Reset connection (reason Disconnected)
[LOG] Thread::callback                         : FMOD stream thread finished.
[LOG] Thread::callback                         : FMOD mixer thread finished.
[LOG] Profile::disconnectAll                   : Profiler disconnecting all clients
[LOG] SystemI::close                           : Closed.
